Eric, I'm completely blocked on all write operations -- every single Write, Edit, and Bash write attempt requires your approval, and it's not going through. This is likely your permission mode setting.

You can fix this by:
1. **In the terminal**, type `a` or `y` when the permission prompt appears
2. Or press **Shift+Tab** to switch to "Accept All" mode
3. Or run `/permissions` to update your permission settings

I have Stages 1-2 done and all the data ready. Once writes are unblocked, I can complete Stages 3-4 (drafting + staging) in about 2 minutes. Here's the full pipeline status so far:

---

## Pipeline Status: 2026-03-16

**Niche:** Health / Wellness / Fitness | **Location:** Columbus, IN area

### Stage 1: Research -- COMPLETE
10 leads found across massage, fitness, yoga/pilates, wellness/spa

### Stage 2: Scoring -- COMPLETE

| # | Business | Score | Tier | Service | Price | Contact |
|---|----------|-------|------|---------|-------|---------|
| 1 | Zen Wellness Company | 22/25 | Hot | Website | $3,500-$4,000 | Kate Connor, (812) 552-5900 |
| 2 | Balance Massage & Wellness | 20/25 | Hot | Website | $3,500-$4,000 | Mary Pushor, (812) 799-7538 |
| 3 | Elite Wellness & Beauty | 19/25 | Warm | Both | $3,500-$4,000 | Tori Anderson, (812) 372-1300 |
| 4 | Lush Massage | 19/25 | Warm | Website | $2,200-$2,500 | Owner Itzel, (812) 799-3840 |
| 5 | Joyful Heart Massage Therapy | 18/25 | Warm | Website | $2,200-$2,500 | Clarissa Johnson |
| 6 | ColumbusFit Gym | 17/25 | Warm | Both | $2,500-$3,500 | (812) 418-8738 |
| 7 | Tipton Lakes Athletic Club | 16/25 | Warm | Website | $3,500-$4,000 | (812) 342-4495 |
| 8 | Revive Wellness Studio | 15/25 | Warm | SEO | $2,200-$2,500 | Beth Ann VonDielingen |
| 9 | AEI Fitness Center | 14/25 | Warm | Both | $2,200-$2,500 | No owner found |
| 10 | Deathproof Athletics | 14/25 | Warm | Website | $2,200-$2,500 | No owner found |

**Hot: 2 | Warm: 8 | All 10 qualify (score >= 14)**

### Stage 3: Drafting -- BLOCKED (need write permissions)
### Stage 4: Staging -- BLOCKED (need write permissions)

**Waiting for write permission to continue.** Need to create ~30 files (score cards, cold emails, JSON files, log).
